<?xml version="1.0" encoding="UTF-8"?>
<testsuite xmlns:xsi="http://www.w3.org/2001/XMLSchema-instance" xsi:schemaLocation="https://maven.apache.org/surefire/maven-surefire-plugin/xsd/surefire-test-report.xsd" name="TestSuite" time="52.409" tests="1" errors="0" skipped="0" failures="1">
  <properties>
[...]
</properties>
  <testcase name="feature" classname="RunnerClass.runTest" time="50.902">
    <failure message="junit.framework.ComparisonFailure: expected:&lt;[abc]&gt; but was:&lt;[def]&gt;" type="cucumber.runtime.CucumberException"><![CDATA[cucumber.runtime.CucumberException: junit.framework.ComparisonFailure: expected:<[abc]> but was:<[def]>
Caused by: junit.framework.ComparisonFailure: expected:<[abc]> but was:<[def]>
]]></failure>
    <system-out><![CDATA[Feature: Amazon login scenarios

  #This is how background can be used to eliminate duplicate steps
  Background: User navigates to Amazon # outline.feature:4
    Given I am on Amazon login page    # LoginTest.goToAmazon()
Users
4

user id : 1
UserName : Tom1
Password : Jerry1

user id : 2
UserName : Tom2
Password : Jerry2

user id : 3
UserName : Tom3
Password : Jerry3

user id : 4
UserName : Tom4
Password : Jerry4
[[Tom1, Jerry1], [Tom2, Jerry2], [Tom3, Jerry3], [Tom4, Jerry4]]
[[Tom1, Jerry1], [Tom2, Jerry2], [Tom3, Jerry3], [Tom4, Jerry4]]
Tom1
Jerry1
Tom2
Jerry2
Tom3
Jerry3
Tom4
Jerry4
Test1 Failed

  #Scenario with xml data
  Scenario:                                                               # outline.feature:9
    When I enter Username and Password from file at "resources\\data.xml" # LoginTest.enterUserPwd(String)
    Then Login should fail                                                # LoginTest.checkFail()
      junit.framework.ComparisonFailure: expected:<[abc]> but was:<[def]>
      	at junit.framework.Assert.assertEquals(Assert.java:100)
      	at junit.framework.Assert.assertEquals(Assert.java:107)
      	at Tests.LoginTest.checkFail(LoginTest.java:90)
      	at ?.Then Login should fail(outline.feature:11)


  #This is how background can be used to eliminate duplicate steps
  Background: User navigates to Amazon # outline.feature:4
    Given I am on Amazon login page    # LoginTest.goToAmazon()
Test1 Failed

  #Scenario with data table
  Scenario:                # outline.feature:38
    When I enter username  # LoginTest.I_enter_username(DataTable)
    And I enter password   # LoginTest.I_enter_password(DataTable)
    Then Login should fail # LoginTest.checkFail()
      junit.framework.ComparisonFailure: expected:<[abc]> but was:<[def]>
      	at junit.framework.Assert.assertEquals(Assert.java:100)
      	at junit.framework.Assert.assertEquals(Assert.java:107)
      	at Tests.LoginTest.checkFail(LoginTest.java:90)
      	at ?.Then Login should fail(outline.feature:45)

]]></system-out>
    <system-err><![CDATA[Starting ChromeDriver 2.46.628402 (536cd7adbad73a3783fdc2cab92ab2ba7ec361e1) on port 34187
Only local connections are allowed.
Please protect ports used by ChromeDriver and related test frameworks to prevent access by malicious code.
Jun 27, 2019 3:24:28 PM org.openqa.selenium.remote.ProtocolHandshake createSession
INFO: Detected dialect: OSS
Starting ChromeDriver 2.46.628402 (536cd7adbad73a3783fdc2cab92ab2ba7ec361e1) on port 22396
Only local connections are allowed.
Please protect ports used by ChromeDriver and related test frameworks to prevent access by malicious code.
Jun 27, 2019 3:24:58 PM org.openqa.selenium.remote.ProtocolHandshake createSession
INFO: Detected dialect: OSS
]]></system-err>
  </testcase>
</testsuite>